<?xml version="1.0" encoding="UTF-8"?>
<!-- Generated by org.testng.reporters.JUnitReportReporter -->
<testsuite hostname="LAPTOP-U39JERQO" failures="0" tests="1" name="runners.RunnerClass" time="27.817" errors="0" timestamp="2023-12-18T00:00:33 IST" skipped="0">
  <testcase classname="runners.RunnerClass" name="runScenario" time="27.817"/>
</testsuite> <!-- runners.RunnerClass -->
